<?xml version="1.0" encoding="UTF-8"?>
<!-- Generated by org.testng.reporters.JUnitXMLReporter -->
<testsuite ignored="1" hostname="DESKTOP-8TTRVRQ" failures="0" tests="2" name="SubmitOrderTest" time="66.587" errors="0" timestamp="2023-05-27T13:52:18 IST">
  <testcase classname="rahulshettyacademy.Tests.SubmitOrderTest" name="submitOrder" time="5.131"/>
  <testcase classname="rahulshettyacademy.Tests.SubmitOrderTest" name="submitOrder" time="3.764"/>
  <testcase classname="rahulshettyacademy.Tests.SubmitOrderTest" name="OrderHistory" time="0.0">
    <ignored/>
  </testcase> <!-- OrderHistory -->
</testsuite> <!-- SubmitOrderTest -->
